0 info it worked if it ends with ok
1 verbose cli [ 'node',
1 verbose cli   '/usr/local/bin/npm',
1 verbose cli   'install',
1 verbose cli   '-S',
1 verbose cli   'server',
1 verbose cli   'refresh',
1 verbose cli   'on',
1 verbose cli   'asset',
1 verbose cli   'changes.\n' ]
2 info using npm@1.3.24
3 info using node@v0.10.25
4 warn package.json cdb@0.0.0 No description
5 warn package.json cdb@0.0.0 No README data
6 verbose readDependencies using package.json deps
7 verbose cache add [ 'server', null ]
8 verbose cache add name=undefined spec="server" args=["server",null]
9 verbose parsed url { protocol: null,
9 verbose parsed url   slashes: null,
9 verbose parsed url   auth: null,
9 verbose parsed url   host: null,
9 verbose parsed url   port: null,
9 verbose parsed url   hostname: null,
9 verbose parsed url   hash: null,
9 verbose parsed url   search: null,
9 verbose parsed url   query: null,
9 verbose parsed url   pathname: 'server',
9 verbose parsed url   path: 'server',
9 verbose parsed url   href: 'server' }
10 verbose cache add [ 'refresh', null ]
11 verbose cache add name=undefined spec="refresh" args=["refresh",null]
12 verbose parsed url { protocol: null,
12 verbose parsed url   slashes: null,
12 verbose parsed url   auth: null,
12 verbose parsed url   host: null,
12 verbose parsed url   port: null,
12 verbose parsed url   hostname: null,
12 verbose parsed url   hash: null,
12 verbose parsed url   search: null,
12 verbose parsed url   query: null,
12 verbose parsed url   pathname: 'refresh',
12 verbose parsed url   path: 'refresh',
12 verbose parsed url   href: 'refresh' }
13 verbose cache add [ 'on', null ]
14 verbose cache add name=undefined spec="on" args=["on",null]
15 verbose parsed url { protocol: null,
15 verbose parsed url   slashes: null,
15 verbose parsed url   auth: null,
15 verbose parsed url   host: null,
15 verbose parsed url   port: null,
15 verbose parsed url   hostname: null,
15 verbose parsed url   hash: null,
15 verbose parsed url   search: null,
15 verbose parsed url   query: null,
15 verbose parsed url   pathname: 'on',
15 verbose parsed url   path: 'on',
15 verbose parsed url   href: 'on' }
16 verbose cache add [ 'asset', null ]
17 verbose cache add name=undefined spec="asset" args=["asset",null]
18 verbose parsed url { protocol: null,
18 verbose parsed url   slashes: null,
18 verbose parsed url   auth: null,
18 verbose parsed url   host: null,
18 verbose parsed url   port: null,
18 verbose parsed url   hostname: null,
18 verbose parsed url   hash: null,
18 verbose parsed url   search: null,
18 verbose parsed url   query: null,
18 verbose parsed url   pathname: 'asset',
18 verbose parsed url   path: 'asset',
18 verbose parsed url   href: 'asset' }
19 verbose cache add [ 'changes.\n', null ]
20 verbose cache add name=undefined spec="changes.\n" args=["changes.\n",null]
21 verbose parsed url { protocol: null,
21 verbose parsed url   slashes: null,
21 verbose parsed url   auth: null,
21 verbose parsed url   host: null,
21 verbose parsed url   port: null,
21 verbose parsed url   hostname: null,
21 verbose parsed url   hash: null,
21 verbose parsed url   search: null,
21 verbose parsed url   query: null,
21 verbose parsed url   pathname: 'changes.',
21 verbose parsed url   path: 'changes.',
21 verbose parsed url   href: 'changes.' }
22 silly lockFile 3de4f901-server server
23 verbose lock server /Users/cdebotton/.npm/3de4f901-server.lock
24 silly lockFile 26b56c1b-refresh refresh
25 verbose lock refresh /Users/cdebotton/.npm/26b56c1b-refresh.lock
26 silly lockFile db3d405b-on on
27 verbose lock on /Users/cdebotton/.npm/db3d405b-on.lock
28 silly lockFile 05fac943-asset asset
29 verbose lock asset /Users/cdebotton/.npm/05fac943-asset.lock
30 silly lockFile 04534ec7-changes changes.
31 verbose lock changes.
31 verbose lock  /Users/cdebotton/.npm/04534ec7-changes.lock
32 silly lockFile 3de4f901-server server
33 silly lockFile 3de4f901-server server
34 silly lockFile 26b56c1b-refresh refresh
35 silly lockFile 26b56c1b-refresh refresh
36 silly lockFile 05fac943-asset asset
37 silly lockFile 05fac943-asset asset
38 silly lockFile 04534ec7-changes changes.
39 silly lockFile 04534ec7-changes changes.
40 silly lockFile db3d405b-on on
41 silly lockFile db3d405b-on on
42 verbose addNamed [ 'server', '' ]
43 verbose addNamed [ null, '*' ]
44 silly lockFile 0b95d1cc-server server@
45 verbose lock server@ /Users/cdebotton/.npm/0b95d1cc-server.lock
46 verbose addNamed [ 'refresh', '' ]
47 verbose addNamed [ null, '*' ]
48 silly lockFile 547f32b8-refresh refresh@
49 verbose lock refresh@ /Users/cdebotton/.npm/547f32b8-refresh.lock
50 verbose addNamed [ 'asset', '' ]
51 verbose addNamed [ null, '*' ]
52 silly lockFile 39530a28-asset asset@
53 verbose lock asset@ /Users/cdebotton/.npm/39530a28-asset.lock
54 verbose addNamed [ 'changes.\n', '' ]
55 verbose addNamed [ null, '*' ]
56 silly lockFile dc3e023e-changes changes.
56 silly lockFile @
57 verbose lock changes.
57 verbose lock @ /Users/cdebotton/.npm/dc3e023e-changes.lock
58 verbose addNamed [ 'on', '' ]
59 verbose addNamed [ null, '*' ]
60 silly lockFile c23bb2c8-on on@
61 verbose lock on@ /Users/cdebotton/.npm/c23bb2c8-on.lock
62 silly addNameRange { name: 'server', range: '*', hasData: false }
63 silly addNameRange { name: 'refresh', range: '*', hasData: false }
64 silly addNameRange { name: 'asset', range: '*', hasData: false }
65 silly addNameRange { name: 'changes.\n', range: '*', hasData: false }
66 silly addNameRange { name: 'on', range: '*', hasData: false }
67 verbose url raw server
68 verbose url resolving [ 'https://registry.npmjs.org/', './server' ]
69 verbose url resolved https://registry.npmjs.org/server
70 info trying registry request attempt 1 at 07:24:28
71 http GET https://registry.npmjs.org/server
72 verbose url raw refresh
73 verbose url resolving [ 'https://registry.npmjs.org/', './refresh' ]
74 verbose url resolved https://registry.npmjs.org/refresh
75 info trying registry request attempt 1 at 07:24:28
76 http GET https://registry.npmjs.org/refresh
77 verbose url raw asset
78 verbose url resolving [ 'https://registry.npmjs.org/', './asset' ]
79 verbose url resolved https://registry.npmjs.org/asset
80 info trying registry request attempt 1 at 07:24:28
81 http GET https://registry.npmjs.org/asset
82 verbose url raw changes.
83 verbose url resolving [ 'https://registry.npmjs.org/', './changes.' ]
84 verbose url resolved https://registry.npmjs.org/changes.
85 info trying registry request attempt 1 at 07:24:28
86 http GET https://registry.npmjs.org/changes.
87 verbose url raw on
88 verbose url resolving [ 'https://registry.npmjs.org/', './on' ]
89 verbose url resolved https://registry.npmjs.org/on
90 info trying registry request attempt 1 at 07:24:28
91 http GET https://registry.npmjs.org/on
92 http 404 https://registry.npmjs.org/changes.
93 silly registry.get cb [ 404,
93 silly registry.get   { date: 'Mon, 18 Aug 2014 11:24:28 GMT',
93 silly registry.get     server: 'CouchDB/1.5.0 (Erlang OTP/R16B03)',
93 silly registry.get     'content-type': 'application/json',
93 silly registry.get     'cache-control': 'max-age=0',
93 silly registry.get     'content-length': '52',
93 silly registry.get     'accept-ranges': 'bytes',
93 silly registry.get     via: '1.1 varnish',
93 silly registry.get     age: '0',
93 silly registry.get     'x-served-by': 'cache-at105-ATL',
93 silly registry.get     'x-cache': 'MISS',
93 silly registry.get     'x-cache-hits': '0',
93 silly registry.get     'x-timer': 'S1408361068.483769,VS0,VE23',
93 silly registry.get     'keep-alive': 'timeout=10, max=50',
93 silly registry.get     connection: 'Keep-Alive' } ]
94 silly lockFile dc3e023e-changes changes.
94 silly lockFile @
95 silly lockFile dc3e023e-changes changes.
95 silly lockFile @
96 error 404 'changes.' is not in the npm registry.
96 error 404 You should bug the author to publish it
96 error 404 It was specified as a dependency of 'cdb'
96 error 404
96 error 404 Note that you can also install from a
96 error 404 tarball, folder, or http url, or git url.
97 error System Darwin 14.0.0
98 error command "node" "/usr/local/bin/npm" "install" "-S" "server" "refresh" "on" "asset" "changes.\n"
99 error cwd /Users/cdebotton/www/cdb
100 error node -v v0.10.25
101 error npm -v 1.3.24
102 error code E404
103 verbose exit [ 1, true ]
